C:\USERS\LAUREN\DOCUMENTS\TEMPP\SHAKE-BUT-BETTER\KATBASE\RELEASE_LTCG\BO2MP.OBJ
C:\USERS\LAUREN\DOCUMENTS\TEMPP\SHAKE-BUT-BETTER\KATBASE\RELEASE_LTCG\BO3MP.OBJ
C:\Users\lauren\Documents\tempp\shake-but-better\KatBase\Release_LTCG\cl.command.1.tlog
C:\Users\lauren\Documents\tempp\shake-but-better\KatBase\Release_LTCG\CL.read.1.tlog
C:\Users\lauren\Documents\tempp\shake-but-better\KatBase\Release_LTCG\CL.write.1.tlog
C:\USERS\LAUREN\DOCUMENTS\TEMPP\SHAKE-BUT-BETTER\KATBASE\RELEASE_LTCG\DLLMAIN.OBJ
C:\USERS\LAUREN\DOCUMENTS\TEMPP\SHAKE-BUT-BETTER\KATBASE\RELEASE_LTCG\FUNTIONS.OBJ
C:\USERS\LAUREN\DOCUMENTS\TEMPP\SHAKE-BUT-BETTER\KATBASE\RELEASE_LTCG\KATBASE.PDB
C:\Users\lauren\Documents\tempp\shake-but-better\KatBase\Release_LTCG\KatBase.write.1.tlog
C:\Users\lauren\Documents\tempp\shake-but-better\KatBase\Release_LTCG\KatBase.xdb
C:\Users\lauren\Documents\tempp\shake-but-better\KatBase\Release_LTCG\KatBase.xex
C:\Users\lauren\Documents\tempp\shake-but-better\KatBase\Release_LTCG\link.command.1.tlog
C:\Users\lauren\Documents\tempp\shake-but-better\KatBase\Release_LTCG\link.read.1.tlog
C:\Users\lauren\Documents\tempp\shake-but-better\KatBase\Release_LTCG\link.write.1.tlog
C:\USERS\LAUREN\DOCUMENTS\TEMPP\SHAKE-BUT-BETTER\KATBASE\RELEASE_LTCG\MENU.OBJ
C:\USERS\LAUREN\DOCUMENTS\TEMPP\SHAKE-BUT-BETTER\KATBASE\RELEASE_LTCG\MENUFUNCTIONS.OBJ
C:\Users\lauren\Documents\tempp\shake-but-better\KatBase\Release_LTCG\pch.obj
C:\USERS\LAUREN\DOCUMENTS\TEMPP\SHAKE-BUT-BETTER\KATBASE\RELEASE_LTCG\UTILITES.OBJ
C:\USERS\LAUREN\DOCUMENTS\TEMPP\SHAKE-BUT-BETTER\KATBASE\RELEASE_LTCG\VC100.PDB
C:\USERS\LAUREN\DOCUMENTS\TEMPP\SHAKE-BUT-BETTER\KATBASE\RELEASE_LTCG\VECTOR.OBJ
